[2023-02-13 22:19:55Z INFO HostContext] No proxy settings were found based on environmental variables (http_proxy/https_proxy/HTTP_PROXY/HTTPS_PROXY)
[2023-02-13 22:19:55Z INFO HostContext] Well known directory 'Bin': '/Users/csuftitan/Dropbox (CSU Fullerton)/Mac/Documents/GitHub/create-release/actions-runner/bin'
[2023-02-13 22:19:55Z INFO HostContext] Well known directory 'Root': '/Users/csuftitan/Dropbox (CSU Fullerton)/Mac/Documents/GitHub/create-release/actions-runner'
[2023-02-13 22:19:55Z INFO HostContext] Well known config file 'Credentials': '/Users/csuftitan/Dropbox (CSU Fullerton)/Mac/Documents/GitHub/create-release/actions-runner/.credentials'
[2023-02-13 22:19:55Z INFO HostContext] Well known directory 'Bin': '/Users/csuftitan/Dropbox (CSU Fullerton)/Mac/Documents/GitHub/create-release/actions-runner/bin'
[2023-02-13 22:19:55Z INFO HostContext] Well known directory 'Root': '/Users/csuftitan/Dropbox (CSU Fullerton)/Mac/Documents/GitHub/create-release/actions-runner'
[2023-02-13 22:19:55Z INFO HostContext] Well known config file 'Runner': '/Users/csuftitan/Dropbox (CSU Fullerton)/Mac/Documents/GitHub/create-release/actions-runner/.runner'
[2023-02-13 22:19:55Z INFO Listener] Runner is built for OSX (X64) - osx-x64.
[2023-02-13 22:19:55Z INFO Listener] RuntimeInformation: Darwin 22.3.0 Darwin Kernel Version 22.3.0: Thu Jan  5 20:49:43 PST 2023; root:xnu-8792.81.2~2/RELEASE_ARM64_T8103.
[2023-02-13 22:19:55Z INFO Listener] Version: 2.301.1
[2023-02-13 22:19:55Z INFO Listener] Commit: f764f5dfa75a74600ef491599be8d4fea33ccdaf
[2023-02-13 22:19:55Z INFO Listener] Culture: 
[2023-02-13 22:19:55Z INFO Listener] UI Culture: 
[2023-02-13 22:19:55Z INFO HostContext] Well known directory 'Bin': '/Users/csuftitan/Dropbox (CSU Fullerton)/Mac/Documents/GitHub/create-release/actions-runner/bin'
[2023-02-13 22:19:55Z INFO HostContext] Well known directory 'Root': '/Users/csuftitan/Dropbox (CSU Fullerton)/Mac/Documents/GitHub/create-release/actions-runner'
[2023-02-13 22:19:55Z INFO Listener] Validating directory permissions for: '/Users/csuftitan/Dropbox (CSU Fullerton)/Mac/Documents/GitHub/create-release/actions-runner'
[2023-02-13 22:19:55Z INFO CommandLineParser] Parse
[2023-02-13 22:19:55Z INFO CommandLineParser] Parsing 5 args
[2023-02-13 22:19:55Z INFO CommandLineParser] parsing argument
[2023-02-13 22:19:55Z INFO CommandLineParser] HasArgs: False
[2023-02-13 22:19:55Z INFO CommandLineParser] Adding Command: configure
[2023-02-13 22:19:55Z INFO CommandLineParser] parsing argument
[2023-02-13 22:19:55Z INFO CommandLineParser] HasArgs: True
[2023-02-13 22:19:55Z INFO CommandLineParser] arg: url
[2023-02-13 22:19:55Z INFO CommandLineParser] parsing argument
[2023-02-13 22:19:55Z INFO CommandLineParser] HasArgs: True
[2023-02-13 22:19:55Z INFO CommandLineParser] Adding option 'url': 'https://github.com/jge162/Action-workflows'
[2023-02-13 22:19:55Z INFO CommandLineParser] parsing argument
[2023-02-13 22:19:55Z INFO CommandLineParser] HasArgs: True
[2023-02-13 22:19:55Z INFO CommandLineParser] arg: token
[2023-02-13 22:19:55Z INFO CommandLineParser] parsing argument
[2023-02-13 22:19:55Z INFO CommandLineParser] HasArgs: True
[2023-02-13 22:19:55Z INFO CommandLineParser] Adding option 'token': '***'
[2023-02-13 22:19:55Z INFO Listener] Arguments parsed
[2023-02-13 22:19:55Z INFO Runner] ExecuteCommand
[2023-02-13 22:19:55Z INFO ConfigurationStore] currentAssemblyLocation: /Users/csuftitan/Dropbox (CSU Fullerton)/Mac/Documents/GitHub/create-release/actions-runner/bin/Runner.Listener.dll
[2023-02-13 22:19:55Z INFO HostContext] Well known directory 'Bin': '/Users/csuftitan/Dropbox (CSU Fullerton)/Mac/Documents/GitHub/create-release/actions-runner/bin'
[2023-02-13 22:19:55Z INFO ConfigurationStore] binPath: /Users/csuftitan/Dropbox (CSU Fullerton)/Mac/Documents/GitHub/create-release/actions-runner/bin
[2023-02-13 22:19:55Z INFO HostContext] Well known directory 'Bin': '/Users/csuftitan/Dropbox (CSU Fullerton)/Mac/Documents/GitHub/create-release/actions-runner/bin'
[2023-02-13 22:19:55Z INFO HostContext] Well known directory 'Root': '/Users/csuftitan/Dropbox (CSU Fullerton)/Mac/Documents/GitHub/create-release/actions-runner'
[2023-02-13 22:19:55Z INFO ConfigurationStore] RootFolder: /Users/csuftitan/Dropbox (CSU Fullerton)/Mac/Documents/GitHub/create-release/actions-runner
[2023-02-13 22:19:55Z INFO HostContext] Well known directory 'Bin': '/Users/csuftitan/Dropbox (CSU Fullerton)/Mac/Documents/GitHub/create-release/actions-runner/bin'
[2023-02-13 22:19:55Z INFO HostContext] Well known directory 'Root': '/Users/csuftitan/Dropbox (CSU Fullerton)/Mac/Documents/GitHub/create-release/actions-runner'
[2023-02-13 22:19:55Z INFO HostContext] Well known config file 'Runner': '/Users/csuftitan/Dropbox (CSU Fullerton)/Mac/Documents/GitHub/create-release/actions-runner/.runner'
[2023-02-13 22:19:55Z INFO ConfigurationStore] ConfigFilePath: /Users/csuftitan/Dropbox (CSU Fullerton)/Mac/Documents/GitHub/create-release/actions-runner/.runner
[2023-02-13 22:19:55Z INFO HostContext] Well known directory 'Bin': '/Users/csuftitan/Dropbox (CSU Fullerton)/Mac/Documents/GitHub/create-release/actions-runner/bin'
[2023-02-13 22:19:55Z INFO HostContext] Well known directory 'Root': '/Users/csuftitan/Dropbox (CSU Fullerton)/Mac/Documents/GitHub/create-release/actions-runner'
[2023-02-13 22:19:55Z INFO HostContext] Well known config file 'Credentials': '/Users/csuftitan/Dropbox (CSU Fullerton)/Mac/Documents/GitHub/create-release/actions-runner/.credentials'
[2023-02-13 22:19:55Z INFO ConfigurationStore] CredFilePath: /Users/csuftitan/Dropbox (CSU Fullerton)/Mac/Documents/GitHub/create-release/actions-runner/.credentials
[2023-02-13 22:19:55Z INFO HostContext] Well known directory 'Bin': '/Users/csuftitan/Dropbox (CSU Fullerton)/Mac/Documents/GitHub/create-release/actions-runner/bin'
[2023-02-13 22:19:55Z INFO HostContext] Well known directory 'Root': '/Users/csuftitan/Dropbox (CSU Fullerton)/Mac/Documents/GitHub/create-release/actions-runner'
[2023-02-13 22:19:55Z INFO HostContext] Well known config file 'MigratedCredentials': '/Users/csuftitan/Dropbox (CSU Fullerton)/Mac/Documents/GitHub/create-release/actions-runner/.credentials_migrated'
[2023-02-13 22:19:55Z INFO ConfigurationStore] MigratedCredFilePath: /Users/csuftitan/Dropbox (CSU Fullerton)/Mac/Documents/GitHub/create-release/actions-runner/.credentials_migrated
[2023-02-13 22:19:55Z INFO HostContext] Well known directory 'Bin': '/Users/csuftitan/Dropbox (CSU Fullerton)/Mac/Documents/GitHub/create-release/actions-runner/bin'
[2023-02-13 22:19:55Z INFO HostContext] Well known directory 'Root': '/Users/csuftitan/Dropbox (CSU Fullerton)/Mac/Documents/GitHub/create-release/actions-runner'
[2023-02-13 22:19:55Z INFO HostContext] Well known config file 'Service': '/Users/csuftitan/Dropbox (CSU Fullerton)/Mac/Documents/GitHub/create-release/actions-runner/.service'
[2023-02-13 22:19:55Z INFO ConfigurationStore] ServiceConfigFilePath: /Users/csuftitan/Dropbox (CSU Fullerton)/Mac/Documents/GitHub/create-release/actions-runner/.service
[2023-02-13 22:19:55Z INFO CommandSettings] Flag 'help': 'False'
[2023-02-13 22:19:55Z INFO CommandSettings] Flag 'version': 'False'
[2023-02-13 22:19:55Z INFO CommandSettings] Flag 'commit': 'False'
[2023-02-13 22:19:55Z INFO CommandSettings] Flag 'check': 'False'
[2023-02-13 22:19:55Z INFO CommandSettings] Command 'configure': 'True'
[2023-02-13 22:19:55Z INFO Terminal] WRITE LINE: 
[2023-02-13 22:19:55Z INFO Terminal] WRITE LINE: --------------------------------------------------------------------------------
[2023-02-13 22:19:55Z INFO Terminal] WRITE LINE: |        ____ _ _   _   _       _          _        _   _                      |
[2023-02-13 22:19:55Z INFO Terminal] WRITE LINE: |       / ___(_) |_| | | |_   _| |__      / \   ___| |_(_) ___  _ __  ___      |
[2023-02-13 22:19:55Z INFO Terminal] WRITE LINE: |      | |  _| | __| |_| | | | | '_ \    / _ \ / __| __| |/ _ \| '_ \/ __|     |
[2023-02-13 22:19:55Z INFO Terminal] WRITE LINE: |      | |_| | | |_|  _  | |_| | |_) |  / ___ \ (__| |_| | (_) | | | \__ \     |
[2023-02-13 22:19:55Z INFO Terminal] WRITE LINE: |       \____|_|\__|_| |_|\__,_|_.__/  /_/   \_\___|\__|_|\___/|_| |_|___/     |
[2023-02-13 22:19:55Z INFO Terminal] WRITE LINE: |                                                                              |
[2023-02-13 22:19:55Z INFO Terminal] WRITE: |                       
[2023-02-13 22:19:55Z INFO Terminal] WRITE: Self-hosted runner registration
[2023-02-13 22:19:55Z INFO Terminal] WRITE LINE:                         |
[2023-02-13 22:19:55Z INFO Terminal] WRITE LINE: |                                                                              |
[2023-02-13 22:19:55Z INFO Terminal] WRITE LINE: --------------------------------------------------------------------------------
[2023-02-13 22:19:55Z INFO ConfigurationManager] ConfigureAsync
[2023-02-13 22:19:55Z INFO CommandSettings] Flag 'generateServiceConfig': 'False'
[2023-02-13 22:19:55Z INFO ConfigurationStore] IsConfigured()
[2023-02-13 22:19:55Z INFO ConfigurationStore] IsConfigured: False
[2023-02-13 22:19:55Z INFO ConfigurationManager] Is configured: False
[2023-02-13 22:19:55Z INFO CommandSettings] Arg 'url': 'https://github.com/jge162/Action-workflows'
[2023-02-13 22:19:55Z INFO CommandSettings] Remove url from Arg dictionary.
[2023-02-13 22:19:55Z INFO CommandSettings] Arg 'token': '***'
[2023-02-13 22:19:55Z INFO CommandSettings] Remove token from Arg dictionary.
[2023-02-13 22:19:56Z INFO ConfigurationManager] Http response code: OK from 'POST https://api.github.com/actions/runner-registration' (F6A9:4BDC:46190FC:4900D1A:63EAB78B)
[2023-02-13 22:19:56Z INFO ConfigurationManager] cred retrieved via GitHub auth
[2023-02-13 22:19:56Z INFO RunnerServer] EstablishVssConnection
[2023-02-13 22:19:56Z INFO RunnerServer] Establish connection with 100 seconds timeout.
[2023-02-13 22:19:56Z INFO GitHubActionsService] Starting operation Location.GetConnectionData
[2023-02-13 22:19:56Z INFO RunnerServer] EstablishVssConnection
[2023-02-13 22:19:56Z INFO RunnerServer] Establish connection with 60 seconds timeout.
[2023-02-13 22:19:56Z INFO GitHubActionsService] Starting operation Location.GetConnectionData
[2023-02-13 22:19:56Z INFO RunnerServer] EstablishVssConnection
[2023-02-13 22:19:56Z INFO RunnerServer] Establish connection with 60 seconds timeout.
[2023-02-13 22:19:56Z INFO GitHubActionsService] Starting operation Location.GetConnectionData
[2023-02-13 22:19:57Z INFO GitHubActionsService] Finished operation Location.GetConnectionData
[2023-02-13 22:19:57Z INFO GitHubActionsService] Finished operation Location.GetConnectionData
[2023-02-13 22:19:57Z INFO GitHubActionsService] Finished operation Location.GetConnectionData
[2023-02-13 22:19:57Z INFO Terminal] WRITE LINE: 
[2023-02-13 22:19:57Z INFO ConfigurationManager] Test Connection complete.
[2023-02-13 22:19:57Z INFO HostContext] Well known directory 'Bin': '/Users/csuftitan/Dropbox (CSU Fullerton)/Mac/Documents/GitHub/create-release/actions-runner/bin'
[2023-02-13 22:19:57Z INFO HostContext] Well known directory 'Root': '/Users/csuftitan/Dropbox (CSU Fullerton)/Mac/Documents/GitHub/create-release/actions-runner'
[2023-02-13 22:19:57Z INFO HostContext] Well known config file 'RSACredentials': '/Users/csuftitan/Dropbox (CSU Fullerton)/Mac/Documents/GitHub/create-release/actions-runner/.credentials_rsaparams'
[2023-02-13 22:19:57Z INFO RSAFileKeyManager] Found existing RSA key parameters file /Users/csuftitan/Dropbox (CSU Fullerton)/Mac/Documents/GitHub/create-release/actions-runner/.credentials_rsaparams
[2023-02-13 22:19:57Z INFO CommandSettings] Arg 'runnergroup': ''
[2023-02-13 22:19:57Z INFO CommandSettings] Flag 'unattended': 'False'
[2023-02-13 22:19:57Z INFO PromptManager] ReadValue
[2023-02-13 22:19:57Z INFO Terminal] WRITE: Enter the name of the runner group to add this runner to: 
[2023-02-13 22:19:57Z INFO Terminal] WRITE: [press Enter for Default] 
[2023-02-13 22:19:57Z INFO Terminal] READ LINE
[2023-02-13 22:20:00Z INFO Terminal] Read value: ''
[2023-02-13 22:20:00Z INFO PromptManager] Falling back to the default: 'Default'
[2023-02-13 22:20:00Z INFO Terminal] WRITE LINE: 
[2023-02-13 22:20:00Z INFO ConfigurationManager] Found a self-hosted runner group with id 1 and name Default
[2023-02-13 22:20:00Z INFO CommandSettings] Flag 'disableupdate': 'False'
[2023-02-13 22:20:00Z INFO CommandSettings] Flag 'ephemeral': 'False'
[2023-02-13 22:20:00Z INFO CommandSettings] Arg 'name': ''
[2023-02-13 22:20:00Z INFO CommandSettings] Flag 'unattended': 'False'
[2023-02-13 22:20:00Z INFO PromptManager] ReadValue
[2023-02-13 22:20:00Z INFO Terminal] WRITE: Enter the name of runner: 
[2023-02-13 22:20:00Z INFO Terminal] WRITE: [press Enter for macbook-air] 
[2023-02-13 22:20:00Z INFO Terminal] READ LINE
